#
# There is insufficient memory for the Java Runtime Environment to continue.
# Native memory allocation (mmap) failed to map 65536 bytes. Error detail: Failed to commit metaspace.
# Possible reasons:
#   The system is out of physical RAM or swap space
#   This process is running with CompressedOops enabled, and the Java Heap may be blocking the growth of the native heap
# Possible solutions:
#   Reduce memory load on the system
#   Increase physical memory or swap space
#   Check if swap backing store is full
#   Decrease Java heap size (-Xmx/-Xms)
#   Decrease number of Java threads
#   Decrease Java thread stack sizes (-Xss)
#   Set larger code cache with -XX:ReservedCodeCacheSize=
#   JVM is running with Zero Based Compressed Oops mode in which the Java heap is
#     placed in the first 32GB address space. The Java Heap base address is the
#     maximum limit for the native heap growth. Please use -XX:HeapBaseMinAddress
#     to set the Java Heap base and to place the Java Heap above 32GB virtual address.
# This output file may be truncated or incomplete.
#
#  Out of Memory Error (virtualSpaceNode.cpp:113), pid=13124, tid=10600
#
# JRE version: OpenJDK Runtime Environment (24.0.1+9) (build 24.0.1+9-30)
# Java VM: OpenJDK 64-Bit Server VM (24.0.1+9-30, mixed mode, emulated-client, sharing, tiered, compressed oops, compressed class ptrs, g1 gc, windows-amd64)
# No core dump will be written. Minidumps are not enabled by default on client versions of Windows
#

---------------  S U M M A R Y ------------

Command Line: -XX:TieredStopAtLevel=1 -Dspring.output.ansi.enabled=always -Dcom.sun.management.jmxremote -Dspring.jmx.enabled=true -Dspring.liveBeansView.mbeanDomain -Dspring.application.admin.enabled=true -Dmanagement.endpoints.jmx.exposure.include=* -javaagent:C:\Program Files\JetBrains\IntelliJ IDEA 2025.1.1.1\lib\idea_rt.jar=60006 -Dfile.encoding=UTF-8 -Dsun.stdout.encoding=UTF-8 -Dsun.stderr.encoding=UTF-8 com.example.apigateway.ApiGatewayApplication

Host: Intel(R) Core(TM) i5-4590S CPU @ 3.00GHz, 4 cores, 15G,  Windows 10 , 64 bit Build 19041 (10.0.19041.5915)
Time: Fri Oct 10 15:51:30 2025 Maroc (heure d64 bit Build 19041 (10.0.19041.5915) elapsed time: 1.717143 seconds (0d 0h 0m 1s)

---------------  T H R E A D  ---------------

Current thread (0x0000017520c1df30):  JavaThread "background-preinit"        [_thread_in_vm, id=10600, stack(0x00000058d7700000,0x00000058d7800000) (1024K)]

Stack: [0x00000058d7700000,0x00000058d7800000]
Native frames: (J=compiled Java code, j=interpreted, Vv=VM code, C=native code)
V  [jvm.dll+0x730739]  (no source info available)
V  [jvm.dll+0x8d9b23]  (no source info available)
V  [jvm.dll+0x8dc00d]  (no source info available)
V  [jvm.dll+0x8dc683]  (no source info available)
V  [jvm.dll+0x2aa086]  (no source info available)
V  [jvm.dll+0x8d56de]  (no source info available)
V  [jvm.dll+0x6ccd85]  (no source info available)
V  [jvm.dll+0x20a71c]  (no source info available)
V  [jvm.dll+0x20a4ee]  (no source info available)
V  [jvm.dll+0x6cf9a7]  (no source info available)
V  [jvm.dll+0x6cf567]  (no source info available)
V  [jvm.dll+0x24c75c]  (no source info available)
V  [jvm.dll+0x6cd7a8]  (no source info available)
V  [jvm.dll+0x2a5e52]  (no source info available)
V  [jvm.dll+0x2a6251]  (no source info available)
V  [jvm.dll+0x78aa9f]  (no source info available)
V  [jvm.dll+0x78b8bf]  (no source info available)
V  [jvm.dll+0x40105a]  (no source info available)
V  [jvm.dll+0x3ffc46]  (no source info available)
V  [jvm.dll+0x3ffbe8]  (no source info available)
V  [jvm.dll+0x62c829]  (no source info available)
V  [jvm.dll+0x62b614]  (no source info available)
V  [jvm.dll+0x4168d2]  (no source info available)
V  [jvm.dll+0x415f96]  (no source info available)
C  0x0000017515677d9c  (no source info available)

The last pc belongs to invokestatic (printed below).
Java frames: (J=compiled Java code, j=interpreted, Vv=VM code)
j  org.hibernate.validator.internal.engine.ValidatorFactoryConfigurationHelper.determinePropertyConfiguredConstraintMappingContributors(Ljava/util/Map;Ljava/lang/ClassLoader;)Ljava/util/List;+25
j  org.hibernate.validator.internal.engine.ValidatorFactoryConfigurationHelper.determineConstraintMappings(Lorg/hibernate/validator/internal/util/TypeResolutionHelper;Ljakarta/validation/spi/ConfigurationState;Lorg/hibernate/validator/internal/properties/javabean/JavaBeanHelper;Ljava/lang/ClassLoader;)Ljava/util/Set;+38
j  org.hibernate.validator.internal.engine.ValidatorFactoryImpl.<init>(Ljakarta/validation/spi/ConfigurationState;)V+369
j  org.hibernate.validator.HibernateValidator.buildValidatorFactory(Ljakarta/validation/spi/ConfigurationState;)Ljakarta/validation/ValidatorFactory;+5
j  org.hibernate.validator.internal.engine.AbstractConfigurationImpl.buildValidatorFactory()Ljakarta/validation/ValidatorFactory;+211
j  org.springframework.boot.autoconfigure.BackgroundPreinitializer$ValidationInitializer.run()V+10
j  org.springframework.boot.autoconfigure.BackgroundPreinitializer$1.runSafely(Ljava/lang/Runnable;)Z+1
j  org.springframework.boot.autoconfigure.BackgroundPreinitializer$1.run()V+20
j  java.lang.Thread.runWith(Ljava/lang/Object;Ljava/lang/Runnable;)V+5 java.base@24.0.1
j  java.lang.Thread.run()V+19 java.base@24.0.1
v  ~StubRoutines::call_stub 0x0000017515660fcd
Lock stack of current Java thread (top to bottom):
LockStack[0]: [I 
{0x000000070d34d518} - klass: {type array int} - flags: is_cloneable_fast 

 - length: 0

invokestatic  184 invokestatic  [0x0000017515677d00, 0x0000017515677e78]  376 bytes
[MachCode]
  0x0000017515677d00: 4883 ec08 | c5fa 1104 | 24eb 1f48 | 83ec 10c5 | fb11 0424 | eb14 4883 | ec10 4889 | 0424 48c7 
  0x0000017515677d20: 4424 0800 | 0000 00eb | 0150 488b | 4dd0 410f | b755 0148 | 8b49 386b | d218 488d | 4c11 080f 
  0x0000017515677d40: b659 1681 | fbb8 0000 | 000f 84bd | 0000 00bb | b800 0000 | e805 0000 | 00e9 9900 | 0000 488b 
  0x0000017515677d60: d348 8d44 | 2408 4c89 | 6dc0 498b | cfc5 f877 | 4989 afb8 | 0300 0049 | 8987 a803 | 0000 4883 
  0x0000017515677d80: ec20 40f6 | c40f 0f84 | 1900 0000 | 4883 ec08 | 48b8 105e | ecfd fc7f | 0000 ffd0 | 4883 c408 
  0x0000017515677da0: e90c 0000 | 0048 b810 | 5eec fdfc | 7f00 00ff | d048 83c4 | 2049 c787 | a803 0000 | 0000 0000 
  0x0000017515677dc0: 49c7 87b8 | 0300 0000 | 0000 0049 | c787 b003 | 0000 0000 | 0000 c5f8 | 7749 837f | 0800 0f84 
  0x0000017515677de0: 0500 0000 | e9d7 90fe | ff4c 8b6d | c04c 8b75 | c84e 8d74 | f500 c348 | 8b4d d041 | 0fb7 5501 
  0x0000017515677e00: 488b 4938 | 6bd2 1848 | 8d4c 1108 | 488b 1948 | 8b5b 0848 | 8b5b 0848 | 8b5b 1880 | bb40 0100 
  0x0000017515677e20: 0004 0f84 | 0d00 0000 | 4c3b bb48 | 0100 000f | 851a ffff | ff0f b651 | 1548 8b19 | 4c89 6dc0 
  0x0000017515677e40: 448b ea0f | b651 1449 | ba40 4878 | fefc 7f00 | 0049 8b14 | d252 418b | d54c 8b6d | c04c 8d6c 
  0x0000017515677e60: 2408 498b | cd48 2bcd | 48c1 f903 | 4889 4df0 | ff63 500f | 1f44 0000 
[/MachCode]

---------------  P R O C E S S  ---------------

Threads class SMR info:
_java_thread_list=0x0000017566f5b6f0, length=19, elements={
0x000001750b343190, 0x00000175200f7da0, 0x00000175200f8f10, 0x00000175200fc730,
0x00000175200fce80, 0x00000175200fe470, 0x00000175200fdd20, 0x0000017520102f80,
0x00000175201f7790, 0x00000175201fbf40, 0x00000175200febc0, 0x00000175200ff310,
0x00000175200fd5d0, 0x00000175200fbfe0, 0x0000017520c1a4b0, 0x0000017520c1ac00,
0x0000017520c1baa0, 0x0000017520c1d7e0, 0x0000017520c1df30
}

Java Threads: ( => current thread )
  0x000001750b343190 JavaThread "main"                              [_thread_in_vm, id=11212, stack(0x00000058d5900000,0x00000058d5a00000) (1024K)]
  0x00000175200f7da0 JavaThread "Reference Handler"          daemon [_thread_blocked, id=19724, stack(0x00000058d6100000,0x00000058d6200000) (1024K)]
  0x00000175200f8f10 JavaThread "Finalizer"                  daemon [_thread_blocked, id=14592, stack(0x00000058d6200000,0x00000058d6300000) (1024K)]
  0x00000175200fc730 JavaThread "Signal Dispatcher"          daemon [_thread_blocked, id=15648, stack(0x00000058d6300000,0x00000058d6400000) (1024K)]
  0x00000175200fce80 JavaThread "Attach Listener"            daemon [_thread_blocked, id=20324, stack(0x00000058d6400000,0x00000058d6500000) (1024K)]
  0x00000175200fe470 JavaThread "Service Thread"             daemon [_thread_blocked, id=7288, stack(0x00000058d6500000,0x00000058d6600000) (1024K)]
  0x00000175200fdd20 JavaThread "Monitor Deflation Thread"   daemon [_thread_blocked, id=9464, stack(0x00000058d6600000,0x00000058d6700000) (1024K)]
  0x0000017520102f80 JavaThread "C1 CompilerThread0"         daemon [_thread_blocked, id=13208, stack(0x00000058d6700000,0x00000058d6800000) (1024K)]
  0x00000175201f7790 JavaThread "C1 CompilerThread1"         daemon [_thread_blocked, id=15580, stack(0x00000058d6800000,0x00000058d6900000) (1024K)]
  0x00000175201fbf40 JavaThread "C1 CompilerThread2"         daemon [_thread_blocked, id=10960, stack(0x00000058d6900000,0x00000058d6a00000) (1024K)]
  0x00000175200febc0 JavaThread "Common-Cleaner"             daemon [_thread_blocked, id=5568, stack(0x00000058d6a00000,0x00000058d6b00000) (1024K)]
  0x00000175200ff310 JavaThread "Monitor Ctrl-Break"         daemon [_thread_in_native, id=10524, stack(0x00000058d6b00000,0x00000058d6c00000) (1024K)]
  0x00000175200fd5d0 JavaThread "Notification Thread"        daemon [_thread_blocked, id=1720, stack(0x00000058d6c00000,0x00000058d6d00000) (1024K)]
  0x00000175200fbfe0 JavaThread "RMI TCP Accept-0"           daemon [_thread_in_native, id=6900, stack(0x00000058d6d00000,0x00000058d6e00000) (1024K)]
  0x0000017520c1a4b0 JavaThread "RMI TCP Connection(1)-192.168.11.112" daemon [_thread_in_native, id=7472, stack(0x00000058d6e00000,0x00000058d6f00000) (1024K)]
  0x0000017520c1ac00 JavaThread "RMI Scheduler(0)"           daemon [_thread_blocked, id=3800, stack(0x00000058d6f00000,0x00000058d7000000) (1024K)]
  0x0000017520c1baa0 JavaThread "JMX server connection timeout 29" daemon [_thread_blocked, id=4328, stack(0x00000058d7000000,0x00000058d7100000) (1024K)]
  0x0000017520c1d7e0 JavaThread "RMI TCP Connection(2)-192.168.11.112" daemon [_thread_in_native, id=15080, stack(0x00000058d7400000,0x00000058d7500000) (1024K)]
=>0x0000017520c1df30 JavaThread "background-preinit"                [_thread_in_vm, id=10600, stack(0x00000058d7700000,0x00000058d7800000) (1024K)]
Total: 19

Other Threads:
  0x00000175200e4490 VMThread "VM Thread"                           [id=16928, stack(0x00000058d6000000,0x00000058d6100000) (1024K)]
  0x00000175200d9830 WatcherThread "VM Periodic Task Thread"        [id=11496, stack(0x00000058d5f00000,0x00000058d6000000) (1024K)]
  0x000001750b3a8ff0 WorkerThread "GC Thread#0"                     [id=15848, stack(0x00000058d5a00000,0x00000058d5b00000) (1024K)]
  0x0000017520d066a0 WorkerThread "GC Thread#1"                     [id=8900, stack(0x00000058d7100000,0x00000058d7200000) (1024K)]
  0x00000175663813c0 WorkerThread "GC Thread#2"                     [id=14988, stack(0x00000058d7200000,0x00000058d7300000) (1024K)]
  0x0000017520d5d5e0 WorkerThread "GC Thread#3"                     [id=2344, stack(0x00000058d7300000,0x00000058d7400000) (1024K)]
  0x000001750b3bf1e0 ConcurrentGCThread "G1 Main Marker"            [id=18380, stack(0x00000058d5b00000,0x00000058d5c00000) (1024K)]
  0x000001750b3bfc00 WorkerThread "G1 Conc#0"                       [id=3084, stack(0x00000058d5c00000,0x00000058d5d00000) (1024K)]
  0x000001750b3fe5e0 ConcurrentGCThread "G1 Refine#0"               [id=15652, stack(0x00000058d5d00000,0x00000058d5e00000) (1024K)]
  0x000001751ffb06c0 ConcurrentGCThread "G1 Service"                [id=14700, stack(0x00000058d5e00000,0x00000058d5f00000) (1024K)]
Total: 10

Threads with active compile tasks:
Total: 0

VM state: not at safepoint (normal execution)

VM Mutex/Monitor currently owned by a thread:  ([mutex/lock_event])
[0x00007ffcfe7724b0] Metaspace_lock - owner thread: 0x0000017520c1df30

Heap address: 0x0000000701200000, size: 4078 MB, Compressed Oops mode: Zero based, Oop shift amount: 3

CDS archive(s) mapped at: [0x0000017521000000-0x0000017521d40000-0x0000017521d40000), size 13893632, SharedBaseAddress: 0x0000017521000000, ArchiveRelocationMode: 1.
Compressed class space mapped at: 0x0000017522000000-0x0000017562000000, reserved size: 1073741824
UseCompressedClassPointers 1, UseCompactObjectHeaders 0
Narrow klass pointer bits 32, Max shift 3
Narrow klass base: 0x0000017521000000, Narrow klass shift: 0
Encoding Range: [0x0000017521000000 - 0x0000017621000000), (4294967296 bytes)
Klass Range:    [0x0000017521000000 - 0x0000017562000000), (1090519040 bytes)
Klass ID Range:  [8 - 1090519033) (1090519025)

GC Precious Log:
 CardTable entry size: 512
 Card Set container configuration: InlinePtr #cards 4 size 8 Array Of Cards #cards 16 size 48 Howl #buckets 8 coarsen threshold 3686 Howl Bitmap #cards 512 size 80 coarsen threshold 460 Card regions per heap region 1 cards per card region 4096
 CPUs: 4 total, 4 available
 Memory: 16308M
 Large Page Support: Disabled
 NUMA Support: Disabled
 Compressed Oops: Enabled (Zero based)
 Heap Region Size: 2M
 Heap Min Capacity: 8M
 Heap Initial Capacity: 256M
 Heap Max Capacity: 4078M
 Pre-touch: Disabled
 Parallel Workers: 4
 Concurrent Workers: 1
 Concurrent Refinement Workers: 4
 Periodic GC: Disabled

Heap:
 garbage-first heap   total reserved 4175872K, committed 264192K, used 67840K [0x0000000701200000, 0x0000000800000000)
  region size 2048K, 33 young (67584K), 2 survivors (4096K)
 Metaspace       used 17257K, committed 17600K, reserved 1114112K
  class space    used 2052K, committed 2240K, reserved 1048576K

Heap Regions: E=young(eden), S=young(survivor), O=old, HS=humongous(starts), HC=humongous(continues), CS=collection set, F=free, TAMS=top-at-mark-start, PB=parsable bottom
|   0|0x0000000701200000, 0x0000000701400000, 0x0000000701400000|100%| O|  |TAMS 0x0000000701200000| PB 0x0000000701200000| Untracked |  0
|   1|0x0000000701400000, 0x0000000701524110, 0x0000000701600000| 57%| O|  |TAMS 0x0000000701400000| PB 0x0000000701400000| Untracked |  0
|   2|0x0000000701600000, 0x0000000701600000, 0x0000000701800000|  0%| F|  |TAMS 0x0000000701600000| PB 0x0000000701600000| Untracked |  0
|   3|0x0000000701800000, 0x0000000701800000, 0x0000000701a00000|  0%| F|  |TAMS 0x0000000701800000| PB 0x0000000701800000| Untracked |  0
|   4|0x0000000701a00000, 0x0000000701a00000, 0x0000000701c00000|  0%| F|  |TAMS 0x0000000701a00000| PB 0x0000000701a00000| Untracked |  0
|   5|0x0000000701c00000, 0x0000000701c00000, 0x0000000701e00000|  0%| F|  |TAMS 0x0000000701c00000| PB 0x0000000701c00000| Untracked |  0
|   6|0x0000000701e00000, 0x0000000701e00000, 0x0000000702000000|  0%| F|  |TAMS 0x0000000701e00000| PB 0x0000000701e00000| Untracked |  0
|   7|0x0000000702000000, 0x0000000702000000, 0x0000000702200000|  0%| F|  |TAMS 0x0000000702000000| PB 0x0000000702000000| Untracked |  0
|   8|0x0000000702200000, 0x0000000702200000, 0x0000000702400000|  0%| F|  |TAMS 0x0000000702200000| PB 0x0000000702200000| Untracked |  0
|   9|0x0000000702400000, 0x0000000702400000, 0x0000000702600000|  0%| F|  |TAMS 0x0000000702400000| PB 0x0000000702400000| Untracked |  0
|  10|0x0000000702600000, 0x0000000702600000, 0x0000000702800000|  0%| F|  |TAMS 0x0000000702600000| PB 0x0000000702600000| Untracked |  0
|  11|0x0000000702800000, 0x0000000702800000, 0x0000000702a00000|  0%| F|  |TAMS 0x0000000702800000| PB 0x0000000702800000| Untracked |  0
|  12|0x0000000702a00000, 0x0000000702a00000, 0x0000000702c00000|  0%| F|  |TAMS 0x0000000702a00000| PB 0x0000000702a00000| Untracked |  0
|  13|0x0000000702c00000, 0x0000000702c00000, 0x0000000702e00000|  0%| F|  |TAMS 0x0000000702c00000| PB 0x0000000702c00000| Untracked |  0
|  14|0x0000000702e00000, 0x0000000702e00000, 0x0000000703000000|  0%| F|  |TAMS 0x0000000702e00000| PB 0x0000000702e00000| Untracked |  0
|  15|0x0000000703000000, 0x0000000703000000, 0x0000000703200000|  0%| F|  |TAMS 0x0000000703000000| PB 0x0000000703000000| Untracked |  0
|  16|0x0000000703200000, 0x0000000703200000, 0x0000000703400000|  0%| F|  |TAMS 0x0000000703200000| PB 0x0000000703200000| Untracked |  0
|  17|0x0000000703400000, 0x0000000703400000, 0x0000000703600000|  0%| F|  |TAMS 0x0000000703400000| PB 0x0000000703400000| Untracked |  0
|  18|0x0000000703600000, 0x0000000703600000, 0x0000000703800000|  0%| F|  |TAMS 0x0000000703600000| PB 0x0000000703600000| Untracked |  0
|  19|0x0000000703800000, 0x0000000703800000, 0x0000000703a00000|  0%| F|  |TAMS 0x0000000703800000| PB 0x0000000703800000| Untracked |  0
|  20|0x0000000703a00000, 0x0000000703a00000, 0x0000000703c00000|  0%| F|  |TAMS 0x0000000703a00000| PB 0x0000000703a00000| Untracked |  0
|  21|0x0000000703c00000, 0x0000000703c00000, 0x0000000703e00000|  0%| F|  |TAMS 0x0000000703c00000| PB 0x0000000703c00000| Untracked |  0
|  22|0x0000000703e00000, 0x0000000703e00000, 0x0000000704000000|  0%| F|  |TAMS 0x0000000703e00000| PB 0x0000000703e00000| Untracked |  0
|  23|0x0000000704000000, 0x0000000704000000, 0x0000000704200000|  0%| F|  |TAMS 0x0000000704000000| PB 0x0000000704000000| Untracked |  0
|  24|0x0000000704200000, 0x0000000704200000, 0x0000000704400000|  0%| F|  |TAMS 0x0000000704200000| PB 0x0000000704200000| Untracked |  0
|  25|0x0000000704400000, 0x0000000704400000, 0x0000000704600000|  0%| F|  |TAMS 0x0000000704400000| PB 0x0000000704400000| Untracked |  0
|  26|0x0000000704600000, 0x0000000704600000, 0x0000000704800000|  0%| F|  |TAMS 0x0000000704600000| PB 0x0000000704600000| Untracked |  0
|  27|0x0000000704800000, 0x0000000704800000, 0x0000000704a00000|  0%| F|  |TAMS 0x0000000704800000| PB 0x0000000704800000| Untracked |  0
|  28|0x0000000704a00000, 0x0000000704a00000, 0x0000000704c00000|  0%| F|  |TAMS 0x0000000704a00000| PB 0x0000000704a00000| Untracked |  0
|  29|0x0000000704c00000, 0x0000000704c00000, 0x0000000704e00000|  0%| F|  |TAMS 0x0000000704c00000| PB 0x0000000704c00000| Untracked |  0
|  30|0x0000000704e00000, 0x0000000704e00000, 0x0000000705000000|  0%| F|  |TAMS 0x0000000704e00000| PB 0x0000000704e00000| Untracked |  0
|  31|0x0000000705000000, 0x0000000705000000, 0x0000000705200000|  0%| F|  |TAMS 0x0000000705000000| PB 0x0000000705000000| Untracked |  0
|  32|0x0000000705200000, 0x0000000705200000, 0x0000000705400000|  0%| F|  |TAMS 0x0000000705200000| PB 0x0000000705200000| Untracked |  0
|  33|0x0000000705400000, 0x0000000705400000, 0x0000000705600000|  0%| F|  |TAMS 0x0000000705400000| PB 0x0000000705400000| Untracked |  0
|  34|0x0000000705600000, 0x0000000705600000, 0x0000000705800000|  0%| F|  |TAMS 0x0000000705600000| PB 0x0000000705600000| Untracked |  0
|  35|0x0000000705800000, 0x0000000705800000, 0x0000000705a00000|  0%| F|  |TAMS 0x0000000705800000| PB 0x0000000705800000| Untracked |  0
|  36|0x0000000705a00000, 0x0000000705a00000, 0x0000000705c00000|  0%| F|  |TAMS 0x0000000705a00000| PB 0x0000000705a00000| Untracked |  0
|  37|0x0000000705c00000, 0x0000000705c00000, 0x0000000705e00000|  0%| F|  |TAMS 0x0000000705c00000| PB 0x0000000705c00000| Untracked |  0
|  38|0x0000000705e00000, 0x0000000705e00000, 0x0000000706000000|  0%| F|  |TAMS 0x0000000705e00000| PB 0x0000000705e00000| Untracked |  0
|  39|0x0000000706000000, 0x0000000706000000, 0x0000000706200000|  0%| F|  |TAMS 0x0000000706000000| PB 0x0000000706000000| Untracked |  0
|  40|0x0000000706200000, 0x0000000706200000, 0x0000000706400000|  0%| F|  |TAMS 0x0000000706200000| PB 0x0000000706200000| Untracked |  0
|  41|0x0000000706400000, 0x0000000706400000, 0x0000000706600000|  0%| F|  |TAMS 0x0000000706400000| PB 0x0000000706400000| Untracked |  0
|  42|0x0000000706600000, 0x0000000706600000, 0x0000000706800000|  0%| F|  |TAMS 0x0000000706600000| PB 0x0000000706600000| Untracked |  0
|  43|0x0000000706800000, 0x0000000706800000, 0x0000000706a00000|  0%| F|  |TAMS 0x0000000706800000| PB 0x0000000706800000| Untracked |  0
|  44|0x0000000706a00000, 0x0000000706a00000, 0x0000000706c00000|  0%| F|  |TAMS 0x0000000706a00000| PB 0x0000000706a00000| Untracked |  0
|  45|0x0000000706c00000, 0x0000000706c00000, 0x0000000706e00000|  0%| F|  |TAMS 0x0000000706c00000| PB 0x0000000706c00000| Untracked |  0
|  46|0x0000000706e00000, 0x0000000706e00000, 0x0000000707000000|  0%| F|  |TAMS 0x0000000706e00000| PB 0x0000000706e00000| Untracked |  0
|  47|0x0000000707000000, 0x0000000707000000, 0x0000000707200000|  0%| F|  |TAMS 0x0000000707000000| PB 0x0000000707000000| Untracked |  0
|  48|0x0000000707200000, 0x0000000707200000, 0x0000000707400000|  0%| F|  |TAMS 0x0000000707200000| PB 0x0000000707200000| Untracked |  0
|  49|0x0000000707400000, 0x0000000707400000, 0x0000000707600000|  0%| F|  |TAMS 0x0000000707400000| PB 0x0000000707400000| Untracked |  0
|  50|0x0000000707600000, 0x0000000707600000, 0x0000000707800000|  0%| F|  |TAMS 0x0000000707600000| PB 0x0000000707600000| Untracked |  0
|  51|0x0000000707800000, 0x0000000707800000, 0x0000000707a00000|  0%| F|  |TAMS 0x0000000707800000| PB 0x0000000707800000| Untracked |  0
|  52|0x0000000707a00000, 0x0000000707a00000, 0x0000000707c00000|  0%| F|  |TAMS 0x0000000707a00000| PB 0x0000000707a00000| Untracked |  0
|  53|0x0000000707c00000, 0x0000000707c00000, 0x0000000707e00000|  0%| F|  |TAMS 0x0000000707c00000| PB 0x0000000707c00000| Untracked |  0
|  54|0x0000000707e00000, 0x0000000707e00000, 0x0000000708000000|  0%| F|  |TAMS 0x0000000707e00000| PB 0x0000000707e00000| Untracked |  0
|  55|0x0000000708000000, 0x0000000708000000, 0x0000000708200000|  0%| F|  |TAMS 0x0000000708000000| PB 0x0000000708000000| Untracked |  0
|  56|0x0000000708200000, 0x0000000708200000, 0x0000000708400000|  0%| F|  |TAMS 0x0000000708200000| PB 0x0000000708200000| Untracked |  0
|  57|0x0000000708400000, 0x0000000708400000, 0x0000000708600000|  0%| F|  |TAMS 0x0000000708400000| PB 0x0000000708400000| Untracked |  0
|  58|0x0000000708600000, 0x0000000708600000, 0x0000000708800000|  0%| F|  |TAMS 0x0000000708600000| PB 0x0000000708600000| Untracked |  0
|  59|0x0000000708800000, 0x0000000708800000, 0x0000000708a00000|  0%| F|  |TAMS 0x0000000708800000| PB 0x0000000708800000| Untracked |  0
|  60|0x0000000708a00000, 0x0000000708a00000, 0x0000000708c00000|  0%| F|  |TAMS 0x0000000708a00000| PB 0x0000000708a00000| Untracked |  0
|  61|0x0000000708c00000, 0x0000000708c00000, 0x0000000708e00000|  0%| F|  |TAMS 0x0000000708c00000| PB 0x0000000708c00000| Untracked |  0
|  62|0x0000000708e00000, 0x0000000708e00000, 0x0000000709000000|  0%| F|  |TAMS 0x0000000708e00000| PB 0x0000000708e00000| Untracked |  0
|  63|0x0000000709000000, 0x0000000709000000, 0x0000000709200000|  0%| F|  |TAMS 0x0000000709000000| PB 0x0000000709000000| Untracked |  0
|  64|0x0000000709200000, 0x0000000709200000, 0x0000000709400000|  0%| F|  |TAMS 0x0000000709200000| PB 0x0000000709200000| Untracked |  0
|  65|0x0000000709400000, 0x0000000709400000, 0x0000000709600000|  0%| F|  |TAMS 0x0000000709400000| PB 0x0000000709400000| Untracked |  0
|  66|0x0000000709600000, 0x0000000709600000, 0x0000000709800000|  0%| F|  |TAMS 0x0000000709600000| PB 0x0000000709600000| Untracked |  0
|  67|0x0000000709800000, 0x0000000709800000, 0x0000000709a00000|  0%| F|  |TAMS 0x0000000709800000| PB 0x0000000709800000| Untracked |  0
|  68|0x0000000709a00000, 0x0000000709a00000, 0x0000000709c00000|  0%| F|  |TAMS 0x0000000709a00000| PB 0x0000000709a00000| Untracked |  0
|  69|0x0000000709c00000, 0x0000000709c00000, 0x0000000709e00000|  0%| F|  |TAMS 0x0000000709c00000| PB 0x0000000709c00000| Untracked |  0
|  70|0x0000000709e00000, 0x0000000709e00000, 0x000000070a000000|  0%| F|  |TAMS 0x0000000709e00000| PB 0x0000000709e00000| Untracked |  0
|  71|0x000000070a000000, 0x000000070a000000, 0x000000070a200000|  0%| F|  |TAMS 0x000000070a000000| PB 0x000000070a000000| Untracked |  0
|  72|0x000000070a200000, 0x000000070a200000, 0x000000070a400000|  0%| F|  |TAMS 0x000000070a200000| PB 0x000000070a200000| Untracked |  0
|  73|0x000000070a400000, 0x000000070a400000, 0x000000070a600000|  0%| F|  |TAMS 0x000000070a400000| PB 0x000000070a400000| Untracked |  0
|  74|0x000000070a600000, 0x000000070a600000, 0x000000070a800000|  0%| F|  |TAMS 0x000000070a600000| PB 0x000000070a600000| Untracked |  0
|  75|0x000000070a800000, 0x000000070a800000, 0x000000070aa00000|  0%| F|  |TAMS 0x000000070a800000| PB 0x000000070a800000| Untracked |  0
|  76|0x000000070aa00000, 0x000000070aa00000, 0x000000070ac00000|  0%| F|  |TAMS 0x000000070aa00000| PB 0x000000070aa00000| Untracked |  0
|  77|0x000000070ac00000, 0x000000070ac00000, 0x000000070ae00000|  0%| F|  |TAMS 0x000000070ac00000| PB 0x000000070ac00000| Untracked |  0
|  78|0x000000070ae00000, 0x000000070ae00000, 0x000000070b000000|  0%| F|  |TAMS 0x000000070ae00000| PB 0x000000070ae00000| Untracked |  0
|  79|0x000000070b000000, 0x000000070b000000, 0x000000070b200000|  0%| F|  |TAMS 0x000000070b000000| PB 0x000000070b000000| Untracked |  0
|  80|0x000000070b200000, 0x000000070b200000, 0x000000070b400000|  0%| F|  |TAMS 0x000000070b200000| PB 0x000000070b200000| Untracked |  0
|  81|0x000000070b400000, 0x000000070b400000, 0x000000070b600000|  0%| F|  |TAMS 0x000000070b400000| PB 0x000000070b400000| Untracked |  0
|  82|0x000000070b600000, 0x000000070b600000, 0x000000070b800000|  0%| F|  |TAMS 0x000000070b600000| PB 0x000000070b600000| Untracked |  0
|  83|0x000000070b800000, 0x000000070b800000, 0x000000070ba00000|  0%| F|  |TAMS 0x000000070b800000| PB 0x000000070b800000| Untracked |  0
|  84|0x000000070ba00000, 0x000000070ba00000, 0x000000070bc00000|  0%| F|  |TAMS 0x000000070ba00000| PB 0x000000070ba00000| Untracked |  0
|  85|0x000000070bc00000, 0x000000070bc00000, 0x000000070be00000|  0%| F|  |TAMS 0x000000070bc00000| PB 0x000000070bc00000| Untracked |  0
|  86|0x000000070be00000, 0x000000070be00000, 0x000000070c000000|  0%| F|  |TAMS 0x000000070be00000| PB 0x000000070be00000| Untracked |  0
|  87|0x000000070c000000, 0x000000070c000000, 0x000000070c200000|  0%| F|  |TAMS 0x000000070c000000| PB 0x000000070c000000| Untracked |  0
|  88|0x000000070c200000, 0x000000070c200000, 0x000000070c400000|  0%| F|  |TAMS 0x000000070c200000| PB 0x000000070c200000| Untracked |  0
|  89|0x000000070c400000, 0x000000070c400000, 0x000000070c600000|  0%| F|  |TAMS 0x000000070c400000| PB 0x000000070c400000| Untracked |  0
|  90|0x000000070c600000, 0x000000070c600000, 0x000000070c800000|  0%| F|  |TAMS 0x000000070c600000| PB 0x000000070c600000| Untracked |  0
|  91|0x000000070c800000, 0x000000070c800000, 0x000000070ca00000|  0%| F|  |TAMS 0x000000070c800000| PB 0x000000070c800000| Untracked |  0
|  92|0x000000070ca00000, 0x000000070ca00000, 0x000000070cc00000|  0%| F|  |TAMS 0x000000070ca00000| PB 0x000000070ca00000| Untracked |  0
|  93|0x000000070cc00000, 0x000000070cc00000, 0x000000070ce00000|  0%| F|  |TAMS 0x000000070cc00000| PB 0x000000070cc00000| Untracked |  0
|  94|0x000000070ce00000, 0x000000070ce00000, 0x000000070d000000|  0%| F|  |TAMS 0x000000070ce00000| PB 0x000000070ce00000| Untracked |  0
|  95|0x000000070d000000, 0x000000070d137ab8, 0x000000070d200000| 60%| E|  |TAMS 0x000000070d000000| PB 0x000000070d000000| Complete |  0
|  96|0x000000070d200000, 0x000000070d400000, 0x000000070d400000|100%| E|CS|TAMS 0x000000070d200000| PB 0x000000070d200000| Complete |  0
|  97|0x000000070d400000, 0x000000070d600000, 0x000000070d600000|100%| E|CS|TAMS 0x000000070d400000| PB 0x000000070d400000| Complete |  0
|  98|0x000000070d600000, 0x000000070d800000, 0x000000070d800000|100%| E|CS|TAMS 0x000000070d600000| PB 0x000000070d600000| Complete |  0
|  99|0x000000070d800000, 0x000000070da00000, 0x000000070da00000|100%| E|CS|TAMS 0x000000070d800000| PB 0x000000070d800000| Complete |  0
| 100|0x000000070da00000, 0x000000070dc00000, 0x000000070dc00000|100%| E|CS|TAMS 0x000000070da00000| PB 0x000000070da00000| Complete |  0
| 101|0x000000070dc00000, 0x000000070de00000, 0x000000070de00000|100%| E|CS|TAMS 0x000000070dc00000| PB 0x000000070dc00000| Complete |  0
| 102|0x000000070de00000, 0x000000070e000000, 0x000000070e000000|100%| E|CS|TAMS 0x000000070de00000| PB 0x000000070de00000| Complete |  0
| 103|0x000000070e000000, 0x000000070e200000, 0x000000070e200000|100%| E|CS|TAMS 0x000000070e000000| PB 0x000000070e000000| Complete |  0
| 104|0x000000070e200000, 0x000000070e400000, 0x000000070e400000|100%| E|CS|TAMS 0x000000070e200000| PB 0x000000070e200000| Complete |  0
| 105|0x000000070e400000, 0x000000070e600000, 0x000000070e600000|100%| E|CS|TAMS 0x000000070e400000| PB 0x000000070e400000| Complete |  0
| 106|0x000000070e600000, 0x000000070e800000, 0x000000070e800000|100%| E|CS|TAMS 0x000000070e600000| PB 0x000000070e600000| Complete |  0
| 107|0x000000070e800000, 0x000000070ea00000, 0x000000070ea00000|100%| E|CS|TAMS 0x000000070e800000| PB 0x000000070e800000| Complete |  0
| 108|0x000000070ea00000, 0x000000070ec00000, 0x000000070ec00000|100%| E|CS|TAMS 0x000000070ea00000| PB 0x000000070ea00000| Complete |  0
| 109|0x000000070ec00000, 0x000000070ee00000, 0x000000070ee00000|100%| E|CS|TAMS 0x000000070ec00000| PB 0x000000070ec00000| Complete |  0
| 110|0x000000070ee00000, 0x000000070f000000, 0x000000070f000000|100%| E|CS|TAMS 0x000000070ee00000| PB 0x000000070ee00000| Complete |  0
| 111|0x000000070f000000, 0x000000070f200000, 0x000000070f200000|100%| E|CS|TAMS 0x000000070f000000| PB 0x000000070f000000| Complete |  0
| 112|0x000000070f200000, 0x000000070f400000, 0x000000070f400000|100%| S|CS|TAMS 0x000000070f200000| PB 0x000000070f200000| Complete |  0
| 113|0x000000070f400000, 0x000000070f600000, 0x000000070f600000|100%| S|CS|TAMS 0x000000070f400000| PB 0x000000070f400000| Complete |  0
| 114|0x000000070f600000, 0x000000070f800000, 0x000000070f800000|100%| E|CS|TAMS 0x000000070f600000| PB 0x000000070f600000| Complete |  0
| 115|0x000000070f800000, 0x000000070fa00000, 0x000000070fa00000|100%| E|CS|TAMS 0x000000070f800000| PB 0x000000070f800000| Complete |  0
| 116|0x000000070fa00000, 0x000000070fc00000, 0x000000070fc00000|100%| E|CS|TAMS 0x000000070fa00000| PB 0x000000070fa00000| Complete |  0
| 117|0x000000070fc00000, 0x000000070fe00000, 0x000000070fe00000|100%| E|CS|TAMS 0x000000070fc00000| PB 0x000000070fc00000| Complete |  0
| 118|0x000000070fe00000, 0x0000000710000000, 0x0000000710000000|100%| E|CS|TAMS 0x000000070fe00000| PB 0x000000070fe00000| Complete |  0
| 119|0x0000000710000000, 0x0000000710200000, 0x0000000710200000|100%| E|CS|TAMS 0x0000000710000000| PB 0x0000000710000000| Complete |  0
| 120|0x0000000710200000, 0x0000000710400000, 0x0000000710400000|100%| E|CS|TAMS 0x0000000710200000| PB 0x0000000710200000| Complete |  0
| 121|0x0000000710400000, 0x0000000710600000, 0x0000000710600000|100%| E|CS|TAMS 0x0000000710400000| PB 0x0000000710400000| Complete |  0
| 122|0x0000000710600000, 0x0000000710800000, 0x0000000710800000|100%| E|CS|TAMS 0x0000000710600000| PB 0x0000000710600000| Complete |  0
| 123|0x0000000710800000, 0x0000000710a00000, 0x0000000710a00000|100%| E|CS|TAMS 0x0000000710800000| PB 0x0000000710800000| Complete |  0
| 124|0x0000000710a00000, 0x0000000710c00000, 0x0000000710c00000|100%| E|  |TAMS 0x0000000710a00000| PB 0x0000000710a00000| Complete |  0
| 125|0x0000000710c00000, 0x0000000710e00000, 0x0000000710e00000|100%| E|CS|TAMS 0x0000000710c00000| PB 0x0000000710c00000| Complete |  0
| 126|0x0000000710e00000, 0x0000000711000000, 0x0000000711000000|100%| E|CS|TAMS 0x0000000710e00000| PB 0x0000000710e00000| Complete |  0
| 127|0x0000000711000000, 0x0000000711200000, 0x0000000711200000|100%| E|CS|TAMS 0x0000000711000000| PB 0x0000000711000000| Complete |  0
|2038|0x00000007ffe00000, 0x00000007fff1c288, 0x0000000800000000| 55%| O|  |TAMS 0x00000007ffe00000| PB 0x00000007ffe00000| Untracked |  0

Card table byte_map: [0x0000017519300000,0x0000017519b00000] _byte_map_base: 0x0000017515af7000

Marking Bits: (CMBitMap*) 0x000001750b3aaa20
 Bits: [0x0000017519b00000, 0x000001751dab8000)

Polling page: 0x000001750b410000

Metaspace:

Usage:
  Non-class:     14.85 MB used.
      Class:      2.00 MB used.
       Both:     16.85 MB used.

Virtual space:
  Non-class space:       64.00 MB reserved,      15.00 MB ( 23%) committed,  1 nodes.
      Class space:        1.00 GB reserved,       2.19 MB ( <1%) committed,  1 nodes.
             Both:        1.06 GB reserved,      17.19 MB (  2%) committed. 

Chunk freelists:
   Non-Class:  112.00 KB
       Class:  13.73 MB
        Both:  13.84 MB

MaxMetaspaceSize: unlimited
CompressedClassSpaceSize: 1.00 GB
Initial GC threshold: 21.00 MB
Current GC threshold: 21.00 MB
CDS: on
 - commit_granule_bytes: 65536.
 - commit_granule_words: 8192.
 - virtual_space_node_default_size: 8388608.
 - enlarge_chunks_in_place: 1.
UseCompressedClassPointers 1, UseCompactObjectHeaders 0
Narrow klass pointer bits 32, Max shift 3
Narrow klass base: 0x0000017521000000, Narrow klass shift: 0
Encoding Range: [0x0000017521000000 - 0x0000017621000000), (4294967296 bytes)
Klass Range:    [0x0000017521000000 - 0x0000017562000000), (1090519040 bytes)
Klass ID Range:  [8 - 1090519033) (1090519025)


Internal statistics:

num_allocs_failed_limit: 0.
num_arena_births: 326.
num_arena_deaths: 0.
num_vsnodes_births: 2.
num_vsnodes_deaths: 0.
num_space_committed: 275.
num_space_uncommitted: 0.
num_chunks_returned_to_freelist: 0.
num_chunks_taken_from_freelist: 783.
num_chunk_merges: 0.
num_chunk_splits: 516.
num_chunks_enlarged: 373.
num_inconsistent_stats: 0.

CodeCache: size=49152Kb used=5817Kb max_used=5817Kb free=43334Kb
 bounds [0x0000017515660000, 0x0000017515c10000, 0x0000017518660000]
 total_blobs=3510, nmethods=3001, adapters=433, full_count=0
Compilation: enabled, stopped_count=0, restarted_count=0

Compilation events (20 events):
Event: 1.713 Thread 0x00000175201fbf40 nmethod 2977 0x0000017515c06a08 code [0x0000017515c06b20, 0x0000017515c06c10]
Event: 1.713 Thread 0x00000175201fbf40 2976       1       java.util.ArrayList$ArrayListSpliterator::<init> (26 bytes)
Event: 1.713 Thread 0x00000175201fbf40 nmethod 2976 0x0000017515c06d08 code [0x0000017515c06e20, 0x0000017515c06f40]
Event: 1.713 Thread 0x00000175201fbf40 2978       1       org.springframework.boot.configurationmetadata.RawConfigurationMetadata$$Lambda/0x000001752223c4c0::<init> (10 bytes)
Event: 1.713 Thread 0x00000175201fbf40 nmethod 2978 0x0000017515c07008 code [0x0000017515c07120, 0x0000017515c07238]
Event: 1.713 Thread 0x00000175201fbf40 2979       1       java.util.Comparator::comparingInt (18 bytes)
Event: 1.714 Thread 0x00000175201f7790 nmethod 2972 0x0000017515c07308 code [0x0000017515c07500, 0x0000017515c07e50]
Event: 1.714 Thread 0x00000175201f7790 2980       1       java.util.Comparator$$Lambda/0x0000017522152ff8::<init> (10 bytes)
Event: 1.714 Thread 0x00000175201f7790 nmethod 2980 0x0000017515c07f88 code [0x0000017515c080a0, 0x0000017515c081b8]
Event: 1.714 Thread 0x00000175201fbf40 nmethod 2979 0x0000017515c08288 code [0x0000017515c083c0, 0x0000017515c08660]
Event: 1.714 Thread 0x00000175201fbf40 2992       1       java.util.stream.ReduceOps$2ReducingSink::begin (11 bytes)
Event: 1.714 Thread 0x0000017520102f80 nmethod 2973 0x0000017515c08708 code [0x0000017515c088c0, 0x0000017515c08fa8]
Event: 1.714 Thread 0x00000175201f7790 2987       1       java.util.stream.ReduceOps$2::makeSink (5 bytes)
Event: 1.714 Thread 0x0000017520102f80 2993       1       java.util.stream.ReduceOps$2ReducingSink::get (5 bytes)
Event: 1.714 Thread 0x00000175201fbf40 nmethod 2992 0x0000017515c09108 code [0x0000017515c09220, 0x0000017515c09310]
Event: 1.714 Thread 0x00000175201fbf40 2994       1       java.util.stream.ReduceOps$2ReducingSink::get (21 bytes)
Event: 1.714 Thread 0x00000175201f7790 nmethod 2987 0x0000017515c09408 code [0x0000017515c09520, 0x0000017515c096a0]
Event: 1.714 Thread 0x00000175201f7790 2988       1       java.util.stream.ReduceOps$2::makeSink (12 bytes)
Event: 1.714 Thread 0x00000175201fbf40 nmethod 2994 0x0000017515c09708 code [0x0000017515c09840, 0x0000017515c09aa8]
Event: 1.714 Thread 0x00000175201f7790 nmethod 2988 0x0000017515c09b08 code [0x0000017515c09c20, 0x0000017515c09da0]

GC Heap History (2 events):
Event: 0.814 GC heap before
{Heap before GC invocations=0 (full 0):
 garbage-first heap   total reserved 4175872K, committed 264192K, used 29808K [0x0000000701200000, 0x0000000800000000)
  region size 2048K, 14 young (28672K), 0 survivors (0K)
 Metaspace       used 7068K, committed 7296K, reserved 1114112K
  class space    used 706K, committed 832K, reserved 1048576K
}
Event: 0.820 GC heap after
{Heap after GC invocations=1 (full 0):
 garbage-first heap   total reserved 4175872K, committed 264192K, used 8448K [0x0000000701200000, 0x0000000800000000)
  region size 2048K, 2 young (4096K), 2 survivors (4096K)
 Metaspace       used 7068K, committed 7296K, reserved 1114112K
  class space    used 706K, committed 832K, reserved 1048576K
}

Dll operation events (11 events):
Event: 0.011 Loaded shared library C:\Users\mesta\.jdks\openjdk-24.0.1\bin\java.dll
Event: 0.153 Loaded shared library C:\Users\mesta\.jdks\openjdk-24.0.1\bin\zip.dll
Event: 0.155 Loaded shared library C:\Users\mesta\.jdks\openjdk-24.0.1\bin\instrument.dll
Event: 0.159 Loaded shared library C:\Users\mesta\.jdks\openjdk-24.0.1\bin\net.dll
Event: 0.161 Loaded shared library C:\Users\mesta\.jdks\openjdk-24.0.1\bin\nio.dll
Event: 0.164 Loaded shared library C:\Users\mesta\.jdks\openjdk-24.0.1\bin\zip.dll
Event: 0.327 Loaded shared library C:\Users\mesta\.jdks\openjdk-24.0.1\bin\jimage.dll
Event: 0.336 Loaded shared library C:\Users\mesta\.jdks\openjdk-24.0.1\bin\extnet.dll
Event: 0.361 Loaded shared library C:\Users\mesta\.jdks\openjdk-24.0.1\bin\management.dll
Event: 0.371 Loaded shared library C:\Users\mesta\.jdks\openjdk-24.0.1\bin\management_ext.dll
Event: 1.680 Loaded shared library C:\Users\mesta\.jdks\openjdk-24.0.1\bin\verify.dll

Deoptimization events (0 events):
No events

Classes loaded (20 events):
Event: 1.687 Loading class sun/text/resources/BreakIteratorResources_en_US
Event: 1.687 Loading class sun/text/resources/BreakIteratorResources_en_US done
Event: 1.687 Loading class sun/text/RuleBasedBreakIterator
Event: 1.687 Loading class sun/text/RuleBasedBreakIterator done
Event: 1.687 Loading class sun/text/CompactByteArray
Event: 1.687 Loading class sun/text/CompactByteArray done
Event: 1.688 Loading class sun/text/SupplementaryCharacterData
Event: 1.688 Loading class sun/text/SupplementaryCharacterData done
Event: 1.688 Loading class java/text/BreakIterator$BreakIteratorCache
Event: 1.688 Loading class java/text/BreakIterator$BreakIteratorCache done
Event: 1.688 Loading class java/text/StringCharacterIterator
Event: 1.688 Loading class java/text/CharacterIterator
Event: 1.688 Loading class java/text/CharacterIterator done
Event: 1.688 Loading class java/text/StringCharacterIterator done
Event: 1.692 Loading class java/util/stream/ReduceOps$2
Event: 1.692 Loading class java/util/stream/ReduceOps$2 done
Event: 1.692 Loading class java/util/stream/ReduceOps$2ReducingSink
Event: 1.692 Loading class java/util/stream/ReduceOps$2ReducingSink done
Event: 1.710 Loading class java/lang/invoke/DirectMethodHandle$Special
Event: 1.711 Loading class java/lang/invoke/DirectMethodHandle$Special done

Classes unloaded (0 events):
No events

Classes redefined (0 events):
No events

Internal exceptions (20 events):
Event: 1.312 Thread 0x000001750b343190 Exception <a 'java/lang/NoSuchMethodError'{0x000000070ed4c020}: 'java.lang.Object java.lang.invoke.DirectMethodHandle$Holder.invokeStaticInit(java.lang.Object, java.lang.Object, java.lang.Object, java.lang.Object, java.lang.Object, java.lang.Object, java.lang.Object)'> (0x000000070ed4c020) 
thrown [s\open\src\hotspot\share\interpreter\linkResolver.cpp, line 805]
Event: 1.314 Thread 0x000001750b343190 Exception <a 'java/lang/NoSuchMethodError'{0x000000070ed67428}: 'int java.lang.invoke.DirectMethodHandle$Holder.invokeStaticInit(java.lang.Object, int, int)'> (0x000000070ed67428) 
thrown [s\open\src\hotspot\share\interpreter\linkResolver.cpp, line 805]
Event: 1.314 Thread 0x000001750b343190 Exception <a 'java/lang/NoSuchMethodError'{0x000000070ed77a38}: 'int java.lang.invoke.DirectMethodHandle$Holder.invokeStaticInit(java.lang.Object, long, long)'> (0x000000070ed77a38) 
thrown [s\open\src\hotspot\share\interpreter\linkResolver.cpp, line 805]
Event: 1.315 Thread 0x000001750b343190 Exception <a 'java/lang/NoSuchMethodError'{0x000000070ed87a30}: 'int java.lang.invoke.DirectMethodHandle$Holder.invokeStaticInit(java.lang.Object, float, float)'> (0x000000070ed87a30) 
thrown [s\open\src\hotspot\share\interpreter\linkResolver.cpp, line 805]
Event: 1.315 Thread 0x000001750b343190 Exception <a 'java/lang/NoSuchMethodError'{0x000000070ed97a20}: 'int java.lang.invoke.DirectMethodHandle$Holder.invokeStaticInit(java.lang.Object, double, double)'> (0x000000070ed97a20) 
thrown [s\open\src\hotspot\share\interpreter\linkResolver.cpp, line 805]
Event: 1.316 Thread 0x000001750b343190 Exception <a 'java/lang/NoSuchMethodError'{0x000000070eda06e0}: 'int java.lang.invoke.DirectMethodHandle$Holder.invokeStatic(java.lang.Object, long)'> (0x000000070eda06e0) 
thrown [s\open\src\hotspot\share\interpreter\linkResolver.cpp, line 805]
Event: 1.316 Thread 0x000001750b343190 Exception <a 'java/lang/NoSuchMethodError'{0x000000070edb9f30}: 'java.lang.Object java.lang.invoke.DirectMethodHandle$Holder.invokeStatic(java.lang.Object, long)'> (0x000000070edb9f30) 
thrown [s\open\src\hotspot\share\interpreter\linkResolver.cpp, line 805]
Event: 1.316 Thread 0x000001750b343190 Exception <a 'java/lang/NoSuchMethodError'{0x000000070edc2508}: 'java.lang.Object java.lang.invoke.DirectMethodHandle$Holder.invokeStatic(java.lang.Object, float)'> (0x000000070edc2508) 
thrown [s\open\src\hotspot\share\interpreter\linkResolver.cpp, line 805]
Event: 1.319 Thread 0x000001750b343190 Exception <a 'java/lang/NoSuchMethodError'{0x000000070ea030a8}: 'int java.lang.invoke.Invokers$Holder.linkToTargetMethod(java.lang.Object, java.lang.Object)'> (0x000000070ea030a8) 
thrown [s\open\src\hotspot\share\interpreter\linkResolver.cpp, line 805]
Event: 1.334 Thread 0x000001750b343190 Exception <a 'java/lang/NoSuchMethodError'{0x000000070eaa5078}: 'java.lang.Object java.lang.invoke.DirectMethodHandle$Holder.newInvokeSpecial(java.lang.Object, java.lang.Object, java.lang.Object, int, java.lang.Object)'> (0x000000070eaa5078) 
thrown [s\open\src\hotspot\share\interpreter\linkResolver.cpp, line 805]
Event: 1.335 Thread 0x000001750b343190 Exception <a 'java/lang/NoSuchMethodError'{0x000000070eab5740}: 'java.lang.Object java.lang.invoke.Invokers$Holder.linkToTargetMethod(java.lang.Object, java.lang.Object, int, java.lang.Object, java.lang.Object)'> (0x000000070eab5740) 
thrown [s\open\src\hotspot\share\interpreter\linkResolver.cpp, line 805]
Event: 1.336 Thread 0x000001750b343190 Exception <a 'java/lang/NoSuchMethodError'{0x000000070ead0d90}: 'java.lang.Object java.lang.invoke.DirectMethodHandle$Holder.newInvokeSpecial(java.lang.Object, int, java.lang.Object)'> (0x000000070ead0d90) 
thrown [s\open\src\hotspot\share\interpreter\linkResolver.cpp, line 805]
Event: 1.336 Thread 0x000001750b343190 Exception <a 'java/lang/NoSuchMethodError'{0x000000070eadada8}: 'int java.lang.invoke.DirectMethodHandle$Holder.invokeSpecialIFC(java.lang.Object, java.lang.Object, java.lang.Object, java.lang.Object)'> (0x000000070eadada8) 
thrown [s\open\src\hotspot\share\interpreter\linkResolver.cpp, line 805]
Event: 1.358 Thread 0x000001750b343190 Exception <a 'java/lang/NoSuchMethodError'{0x000000070ebbb0b0}: 'void java.lang.invoke.DirectMethodHandle$Holder.invokeInterface(java.lang.Object, java.lang.Object, java.lang.Object)'> (0x000000070ebbb0b0) 
thrown [s\open\src\hotspot\share\interpreter\linkResolver.cpp, line 805]
Event: 1.399 Thread 0x000001750b343190 Exception <a 'java/lang/NoSuchMethodError'{0x000000070e9300b0}: 'java.lang.Object java.lang.invoke.DirectMethodHandle$Holder.invokeVirtual(java.lang.Object, java.lang.Object, java.lang.Object)'> (0x000000070e9300b0) 
thrown [s\open\src\hotspot\share\interpreter\linkResolver.cpp, line 805]
Event: 1.422 Thread 0x000001750b343190 Exception <a 'java/lang/NoSuchMethodError'{0x000000070e66e330}: 'void java.lang.invoke.DirectMethodHandle$Holder.invokeStatic(java.lang.Object, java.lang.Object, int)'> (0x000000070e66e330) 
thrown [s\open\src\hotspot\share\interpreter\linkResolver.cpp, line 805]
Event: 1.447 Thread 0x000001750b343190 Exception <a 'java/lang/NoSuchMethodError'{0x000000070e78c458}: 'void java.lang.invoke.DirectMethodHandle$Holder.invokeVirtual(java.lang.Object, java.lang.Object, java.lang.Object, java.lang.Object)'> (0x000000070e78c458) 
thrown [s\open\src\hotspot\share\interpreter\linkResolver.cpp, line 805]
Event: 1.516 Thread 0x000001750b343190 Exception <a 'java/lang/IncompatibleClassChangeError'{0x000000070e3a1af0}: Found class java.lang.Object, but interface was expected> (0x000000070e3a1af0) 
thrown [s\open\src\hotspot\share\interpreter\linkResolver.cpp, line 872]
Event: 1.674 Thread 0x0000017520c1a4b0 Exception <a 'java/lang/NoSuchMethodError'{0x000000070d791930}: 'long java.lang.invoke.DirectMethodHandle$Holder.invokeVirtual(java.lang.Object, java.lang.Object)'> (0x000000070d791930) 
thrown [s\open\src\hotspot\share\interpreter\linkResolver.cpp, line 805]
Event: 1.674 Thread 0x0000017520c1a4b0 Exception <a 'java/lang/NoSuchMethodError'{0x000000070d7a1be0}: 'long java.lang.invoke.DelegatingMethodHandle$Holder.reinvoke_L(java.lang.Object, java.lang.Object)'> (0x000000070d7a1be0) 
thrown [s\open\src\hotspot\share\interpreter\linkResolver.cpp, line 805]

VM Operations (20 events):
Event: 0.701 Executing VM operation: HandshakeAllThreads (Deoptimize)
Event: 0.701 Executing VM operation: HandshakeAllThreads (Deoptimize) done
Event: 0.705 Executing VM operation: HandshakeAllThreads (Deoptimize)
Event: 0.705 Executing VM operation: HandshakeAllThreads (Deoptimize) done
Event: 0.814 Executing VM operation: G1CollectForAllocation (G1 Evacuation Pause)
Event: 0.820 Executing VM operation: G1CollectForAllocation (G1 Evacuation Pause) done
Event: 0.846 Executing VM operation: HandshakeAllThreads (Deoptimize)
Event: 0.846 Executing VM operation: HandshakeAllThreads (Deoptimize) done
Event: 0.859 Executing VM operation: HandshakeAllThreads (Deoptimize)
Event: 0.859 Executing VM operation: HandshakeAllThreads (Deoptimize) done
Event: 1.059 Executing VM operation: HandshakeAllThreads (Deoptimize)
Event: 1.059 Executing VM operation: HandshakeAllThreads (Deoptimize) done
Event: 1.421 Executing VM operation: HandshakeAllThreads (Deoptimize)
Event: 1.421 Executing VM operation: HandshakeAllThreads (Deoptimize) done
Event: 1.422 Executing VM operation: HandshakeAllThreads (Deoptimize)
Event: 1.422 Executing VM operation: HandshakeAllThreads (Deoptimize) done
Event: 1.502 Executing VM operation: HandshakeAllThreads (Deoptimize)
Event: 1.502 Executing VM operation: HandshakeAllThreads (Deoptimize) done
Event: 1.506 Executing VM operation: HandshakeAllThreads (Deoptimize)
Event: 1.506 Executing VM operation: HandshakeAllThreads (Deoptimize) done

Memory protections (0 events):
No events

Nmethod flushes (0 events):
No events

Events (20 events):
Event: 0.056 Thread 0x000001750b343190 Thread added: 0x00000175200fe470
Event: 0.056 Thread 0x000001750b343190 Thread added: 0x00000175200fdd20
Event: 0.056 Thread 0x000001750b343190 Thread added: 0x0000017520102f80
Event: 0.141 Thread 0x0000017520102f80 Thread added: 0x00000175201f7790
Event: 0.141 Thread 0x0000017520102f80 Thread added: 0x00000175201fbf40
Event: 0.158 Thread 0x000001750b343190 Thread added: 0x00000175200febc0
Event: 0.323 Thread 0x000001750b343190 Thread added: 0x00000175200ff310
Event: 0.323 Thread 0x000001750b343190 Thread added: 0x00000175200fd5d0
Event: 0.656 Thread 0x000001750b343190 Thread added: 0x00000175200fbfe0
Event: 0.666 Thread 0x00000175200fbfe0 Thread added: 0x0000017520c1a4b0
Event: 0.679 Thread 0x0000017520c1a4b0 Thread added: 0x0000017520c1ac00
Event: 0.683 Thread 0x0000017520c1a4b0 Thread added: 0x0000017520c1baa0
Event: 1.110 Thread 0x00000175200fbfe0 Thread added: 0x0000017520c1d7e0
Event: 1.111 Thread 0x0000017520c1d7e0 Thread added: 0x0000017520c1f520
Event: 1.120 Thread 0x0000017520c1f520 Thread exited: 0x0000017520c1f520
Event: 1.390 Thread 0x000001750b343190 Thread added: 0x0000017520c1fc70
Event: 1.392 Thread 0x0000017520c1fc70 Thread exited: 0x0000017520c1fc70
Event: 1.511 Thread 0x000001750b343190 Thread added: 0x0000017520c1df30
Event: 1.623 Thread 0x0000017520c1d7e0 Thread added: 0x0000017520c1d090
Event: 1.628 Thread 0x0000017520c1d090 Thread exited: 0x0000017520c1d090


Dynamic libraries:
0x00007ff70bd20000 - 0x00007ff70bd2e000 	C:\Users\mesta\.jdks\openjdk-24.0.1\bin\java.exe
0x00007ffd45fb0000 - 0x00007ffd461a8000 	C:\Windows\SYSTEM32\ntdll.dll
0x00007ffd45b50000 - 0x00007ffd45c12000 	C:\Windows\System32\KERNEL32.DLL
0x00007ffd43960000 - 0x00007ffd43c56000 	C:\Windows\System32\KERNELBASE.dll
0x00007ffd43c60000 - 0x00007ffd43d60000 	C:\Windows\System32\ucrtbase.dll
0x00007ffd3adf0000 - 0x00007ffd3ae06000 	C:\Users\mesta\.jdks\openjdk-24.0.1\bin\jli.dll
0x00007ffd44dc0000 - 0x00007ffd44f5d000 	C:\Windows\System32\USER32.dll
0x00007ffd43780000 - 0x00007ffd437a2000 	C:\Windows\System32\win32u.dll
0x00007ffd44fe0000 - 0x00007ffd4500b000 	C:\Windows\System32\GDI32.dll
0x00007ffd43e90000 - 0x00007ffd43fa9000 	C:\Windows\System32\gdi32full.dll
0x00007ffd436e0000 - 0x00007ffd4377d000 	C:\Windows\System32\msvcp_win.dll
0x00007ffd3add0000 - 0x00007ffd3adeb000 	C:\Users\mesta\.jdks\openjdk-24.0.1\bin\VCRUNTIME140.dll
0x00007ffd362a0000 - 0x00007ffd3653b000 	C:\Windows\WinSxS\amd64_microsoft.windows.common-controls_6595b64144ccf1df_6.0.19041.6280_none_60bc30a171f2f3f3\COMCTL32.dll
0x00007ffd45da0000 - 0x00007ffd45e3e000 	C:\Windows\System32\msvcrt.dll
0x00007ffd45c20000 - 0x00007ffd45c4f000 	C:\Windows\System32\IMM32.DLL
0x00007ffd3b860000 - 0x00007ffd3b86c000 	C:\Users\mesta\.jdks\openjdk-24.0.1\bin\vcruntime140_1.dll
0x00007ffd2f0c0000 - 0x00007ffd2f14e000 	C:\Users\mesta\.jdks\openjdk-24.0.1\bin\msvcp140.dll
0x00007ffcfdab0000 - 0x00007ffcfe852000 	C:\Users\mesta\.jdks\openjdk-24.0.1\bin\server\jvm.dll
0x00007ffd45ce0000 - 0x00007ffd45d91000 	C:\Windows\System32\ADVAPI32.dll
0x00007ffd44790000 - 0x00007ffd4482f000 	C:\Windows\System32\sechost.dll
0x00007ffd45a20000 - 0x00007ffd45b40000 	C:\Windows\System32\RPCRT4.dll
0x00007ffd43fb0000 - 0x00007ffd43fd7000 	C:\Windows\System32\bcrypt.dll
0x00007ffd44f70000 - 0x00007ffd44fdb000 	C:\Windows\System32\WS2_32.dll
0x00007ffd43060000 - 0x00007ffd430ab000 	C:\Windows\SYSTEM32\POWRPROF.dll
0x00007ffd38520000 - 0x00007ffd38547000 	C:\Windows\SYSTEM32\WINMM.dll
0x00007ffd3d8f0000 - 0x00007ffd3d8fa000 	C:\Windows\SYSTEM32\VERSION.dll
0x00007ffd43040000 - 0x00007ffd43052000 	C:\Windows\SYSTEM32\UMPDC.dll
0x00007ffd414b0000 - 0x00007ffd414c2000 	C:\Windows\SYSTEM32\kernel.appcore.dll
0x00007ffd3adc0000 - 0x00007ffd3adca000 	C:\Users\mesta\.jdks\openjdk-24.0.1\bin\jimage.dll
0x00007ffd306e0000 - 0x00007ffd308e1000 	C:\Windows\SYSTEM32\DBGHELP.DLL
0x00007ffd2ece0000 - 0x00007ffd2ed14000 	C:\Windows\SYSTEM32\dbgcore.DLL
0x00007ffd43650000 - 0x00007ffd436d2000 	C:\Windows\System32\bcryptPrimitives.dll
0x00007ffd3adb0000 - 0x00007ffd3adbf000 	C:\Users\mesta\.jdks\openjdk-24.0.1\bin\instrument.dll
0x00007ffd3ad40000 - 0x00007ffd3ad5e000 	C:\Users\mesta\.jdks\openjdk-24.0.1\bin\java.dll
0x00007ffd44660000 - 0x00007ffd4478b000 	C:\Windows\System32\ole32.dll
0x00007ffd44a60000 - 0x00007ffd44db3000 	C:\Windows\System32\combase.dll
0x00007ffd45120000 - 0x00007ffd45890000 	C:\Windows\System32\SHELL32.dll
0x00007ffd416b0000 - 0x00007ffd41e55000 	C:\Windows\SYSTEM32\windows.storage.dll
0x00007ffd42ed0000 - 0x00007ffd42efb000 	C:\Windows\SYSTEM32\Wldp.dll
0x00007ffd45e40000 - 0x00007ffd45f0d000 	C:\Windows\System32\OLEAUT32.dll
0x00007ffd44530000 - 0x00007ffd445dd000 	C:\Windows\System32\SHCORE.dll
0x00007ffd44600000 - 0x00007ffd4465b000 	C:\Windows\System32\shlwapi.dll
0x00007ffd43580000 - 0x00007ffd435a4000 	C:\Windows\SYSTEM32\profapi.dll
0x00007ffd3ace0000 - 0x00007ffd3acf7000 	C:\Users\mesta\.jdks\openjdk-24.0.1\bin\zip.dll
0x00007ffd35e70000 - 0x00007ffd35e80000 	C:\Users\mesta\.jdks\openjdk-24.0.1\bin\net.dll
0x00007ffd42cb0000 - 0x00007ffd42d1a000 	C:\Windows\system32\mswsock.dll
0x00007ffd33730000 - 0x00007ffd33746000 	C:\Users\mesta\.jdks\openjdk-24.0.1\bin\nio.dll
0x00007ffd33720000 - 0x00007ffd33729000 	C:\Users\mesta\.jdks\openjdk-24.0.1\bin\extnet.dll
0x00007ffd429f0000 - 0x00007ffd42aba000 	C:\Windows\SYSTEM32\DNSAPI.dll
0x00007ffd429b0000 - 0x00007ffd429eb000 	C:\Windows\SYSTEM32\IPHLPAPI.DLL
0x00007ffd45a10000 - 0x00007ffd45a18000 	C:\Windows\System32\NSI.dll
0x00007ffd387a0000 - 0x00007ffd387aa000 	C:\Windows\System32\rasadhlp.dll
0x00007ffd389d0000 - 0x00007ffd38a50000 	C:\Windows\System32\fwpuclnt.dll
0x00007ffd33710000 - 0x00007ffd3371a000 	C:\Users\mesta\.jdks\openjdk-24.0.1\bin\management.dll
0x00007ffd33700000 - 0x00007ffd3370b000 	C:\Users\mesta\.jdks\openjdk-24.0.1\bin\management_ext.dll
0x00007ffd45b40000 - 0x00007ffd45b48000 	C:\Windows\System32\PSAPI.DLL
0x00007ffd42f10000 - 0x00007ffd42f28000 	C:\Windows\SYSTEM32\CRYPTSP.dll
0x00007ffd425f0000 - 0x00007ffd42628000 	C:\Windows\system32\rsaenh.dll
0x00007ffd43540000 - 0x00007ffd4356e000 	C:\Windows\SYSTEM32\USERENV.dll
0x00007ffd42e40000 - 0x00007ffd42e4c000 	C:\Windows\SYSTEM32\CRYPTBASE.dll
0x00007ffd360d0000 - 0x00007ffd360e7000 	C:\Windows\system32\napinsp.dll
0x00007ffd360b0000 - 0x00007ffd360cb000 	C:\Windows\system32\pnrpnsp.dll
0x00007ffd36090000 - 0x00007ffd360ad000 	C:\Windows\system32\wshbth.dll
0x00007ffd3fab0000 - 0x00007ffd3facd000 	C:\Windows\system32\NLAapi.dll
0x00007ffd36070000 - 0x00007ffd36082000 	C:\Windows\System32\winrnr.dll
0x00007ffd32750000 - 0x00007ffd327a1000 	C:\Windows\SYSTEM32\pdh.dll
0x00007ffd3e300000 - 0x00007ffd3e31f000 	C:\Windows\system32\netfxperf.dll
0x00007ffd2d8f0000 - 0x00007ffd2d955000 	C:\Windows\system32\mscoree.dll
0x00007ffd2d570000 - 0x00007ffd2d60b000 	C:\Windows\Microsoft.NET\Framework64\v4.0.30319\mscoreei.dll
0x00007ffd1fb10000 - 0x00007ffd1fb52000 	C:\Windows\Microsoft.NET\Framework64\v4.0.30319\perfcounter.dll
0x00007ffd3e1c0000 - 0x00007ffd3e1d5000 	C:\Windows\system32\msscntrs.dll
0x00007ffd3e880000 - 0x00007ffd3e88a000 	C:\Windows\System32\rasctrs.dll
0x00007ffd25da0000 - 0x00007ffd25dd6000 	C:\Windows\SYSTEM32\rasman.dll
0x00007ffd3dee0000 - 0x00007ffd3dee8000 	C:\Windows\System32\tapiperf.dll
0x00007ffd3b870000 - 0x00007ffd3b878000 	C:\Windows\system32\usbperf.dll
0x00007ffd2f290000 - 0x00007ffd2f323000 	C:\Program Files (x86)\VMware\VMware Workstation\vmPerfmon.dll
0x00007ffd1fbb0000 - 0x00007ffd1fbbf000 	C:\Windows\System32\perfproc.dll
0x00007ffd1fad0000 - 0x00007ffd1fadf000 	C:\Windows\System32\perfos.dll
0x00007ffd336f0000 - 0x00007ffd33700000 	C:\Users\mesta\.jdks\openjdk-24.0.1\bin\verify.dll

JVMTI agents:
C:\Program Files\JetBrains\IntelliJ IDEA 2025.1.1.1\lib\idea_rt.jar path:C:\Users\mesta\.jdks\openjdk-24.0.1\bin\instrument.dll, loaded, initialized, instrumentlib options:60006

dbghelp: loaded successfully - version: 4.0.5 - missing functions: none
symbol engine: initialized successfully - sym options: 0x614 - pdb path: .;C:\Users\mesta\.jdks\openjdk-24.0.1\bin;C:\Windows\SYSTEM32;C:\Windows\WinSxS\amd64_microsoft.windows.common-controls_6595b64144ccf1df_6.0.19041.6280_none_60bc30a171f2f3f3;C:\Users\mesta\.jdks\openjdk-24.0.1\bin\server;C:\Windows\Microsoft.NET\Framework64\v4.0.30319;C:\Program Files (x86)\VMware\VMware Workstation

VM Arguments:
jvm_args: -XX:TieredStopAtLevel=1 -Dspring.output.ansi.enabled=always -Dcom.sun.management.jmxremote -Dspring.jmx.enabled=true -Dspring.liveBeansView.mbeanDomain -Dspring.application.admin.enabled=true -Dmanagement.endpoints.jmx.exposure.include=* -javaagent:C:\Program Files\JetBrains\IntelliJ IDEA 2025.1.1.1\lib\idea_rt.jar=60006 -Dfile.encoding=UTF-8 -Dsun.stdout.encoding=UTF-8 -Dsun.stderr.encoding=UTF-8 
java_command: com.example.apigateway.ApiGatewayApplication
java_class_path (initial): C:\Users\mesta\OneDrive\Documents\GitHub\tp1-gateway\api-gateway\target\classes;C:\Users\mesta\.m2\repository\org\springframework\cloud\spring-cloud-starter-gateway\4.3.1\spring-cloud-starter-gateway-4.3.1.jar;C:\Users\mesta\.m2\repository\org\springframework\cloud\spring-cloud-starter\4.3.0\spring-cloud-starter-4.3.0.jar;C:\Users\mesta\.m2\repository\org\springframework\cloud\spring-cloud-context\4.3.0\spring-cloud-context-4.3.0.jar;C:\Users\mesta\.m2\repository\org\springframework\security\spring-security-crypto\6.5.5\spring-security-crypto-6.5.5.jar;C:\Users\mesta\.m2\repository\org\springframework\cloud\spring-cloud-commons\4.3.0\spring-cloud-commons-4.3.0.jar;C:\Users\mesta\.m2\repository\org\bouncycastle\bcprov-jdk18on\1.80\bcprov-jdk18on-1.80.jar;C:\Users\mesta\.m2\repository\org\springframework\cloud\spring-cloud-gateway-server\4.3.0\spring-cloud-gateway-server-4.3.0.jar;C:\Users\mesta\.m2\repository\org\springframework\boot\spring-boot-starter-validation\3.5.6\spring-boot-starter-validation-3.5.6.jar;C:\Users\mesta\.m2\repository\org\apache\tomcat\embed\tomcat-embed-el\10.1.46\tomcat-embed-el-10.1.46.jar;C:\Users\mesta\.m2\repository\org\hibernate\validator\hibernate-validator\8.0.3.Final\hibernate-validator-8.0.3.Final.jar;C:\Users\mesta\.m2\repository\jakarta\validation\jakarta.validation-api\3.0.2\jakarta.validation-api-3.0.2.jar;C:\Users\mesta\.m2\repository\org\jboss\logging\jboss-logging\3.6.1.Final\jboss-logging-3.6.1.Final.jar;C:\Users\mesta\.m2\repository\com\fasterxml\classmate\1.7.0\classmate-1.7.0.jar;C:\Users\mesta\.m2\repository\io\projectreactor\addons\reactor-extra\3.5.3\reactor-extra-3.5.3.jar;C:\Users\mesta\.m2\repository\io\projectreactor\reactor-core\3.7.11\reactor-core-3.7.11.jar;C:\Users\mesta\.m2\repository\org\reactivestreams\reactive-streams\1.0.4\reactive-streams-1.0.4.jar;C:\Users\mesta\.m2\repository\org\springframework\boot\spring-boot-starter-webflux\3.5.6\spring-boot-starter-webflux-3.5.6.jar;C:\Users\mesta\.m2\repository\org\springframework\boot\spring-boot-starter-json\3.5.6\spring-boot-starter-json-3.5.6.jar;C:\Users\mesta\.m2\repository\com\fasterxml\jackson\core\jackson-databind\2.19.2\jackson-databind-2.19.2.jar;C:\Users\mesta\.m2\repository\com\fasterxml\jackson\core\jackson-annotations\2.19.2\jackson-annotations-2.19.2.jar;C:\Users\mesta\.m2\repository\com\fasterxml\jackson\core\jackson-core\2.19.2\jackson-core-2.19.2.jar;C:\Users\mesta\.m2\repository\com\fasterxml\jackson\datatype\jackson-datatype-jdk8\2.19.2\jackson-datatype-jdk8-2.19.2.jar;C:\Users\mesta\.m2\repository\com\fasterxml\jackson\datatype\jackson-datatype-jsr310\2.19.2\jackson-datatype-jsr310-2.19.2.jar;C:\Users\mesta\.m2\repository\com\fasterxml\jackson\module\jackson-module-parameter-names\2.19.2\jackson-module-parameter-names-2.19.2.jar;C:\Users\mesta\.m2\repository\org\springframework\boot\spring-boot-starter-reactor-netty\3.5.6\spring-boot-starter-reactor-netty-3.5.6.jar;C:\Users\mesta\.m2\repository\io\projectreactor\netty\reactor-netty-http\1.2.10\reactor-netty-http-1.2.10.jar;C:\Users\mesta\.m2\repository\io\netty\netty-codec-http\4.1.127.Final\netty-codec-http-4.1.127.Final.jar;C:\Users\mesta\.m2\repository\io\netty\netty-common\4.1.127.Final\netty-common-4.1.127.Final.jar;C:\Users\mesta\.m2\repository\io\netty\netty-buffer\4.1.127.Final\netty-buffer-4.1.127.Final.jar;C:\Users\mesta\.m2\repository\io\netty\netty-transport\4.1.127.Final\netty-transport-4.1.127.Final.jar;C:\Users\mesta\.m2\repository\io\netty\netty-codec\4.1.127.Final\netty-codec-4.1.127.Final.jar;C:\Users\mesta\.m2\repository\io\netty\netty-handler\4.1.127.Final\netty-handler-4.1.127.Final.jar;C:\Users\mesta\.m2\repository\io\netty\netty-codec-http2\4.1.127.Final\netty-codec-http2-4.1.127.Final.jar;C:\Users\mesta\.m2\repository\io\netty\netty-resolver-dns\4.1.127.Final\netty-resolver-dns-4.1.127.Final.jar;C:\Users\mesta\.m2\repository\io\netty\netty-resolver\4.1.127.Final\netty-resolver-4.1.127.Final.jar;C:\Users\mesta\.m2\repository\io\netty\netty-codec-dns\4.1.127.Final\netty-codec-dns-4.1.127.Final.jar;C:\Users\mesta\.m2\repository\io\netty\netty-resolver-dns-native-macos\4.1.127.Final\netty-resolver-dns-native-macos-4.1.127.Final-osx-x86_64.jar;C:\Users\mesta\.m2\repository\io\netty\netty-resolver-dns-classes-macos\4.1.127.Final\netty-resolver-dns-classes-macos-4.1.127.Final.jar;C:\Users\mesta\.m2\repository\io\netty\netty-transport-native-epoll\4.1.127.Final\netty-transport-native-epoll-4.1.127.Final-linux-x86_64.jar;C:\Users\mesta\.m2\repository\io\netty\netty-transport-native-unix-common\4.1.127.Final\netty-transport-native-unix-common-4.1.127.Final.jar;C:\Users\mesta\.m2\repository\io\netty\netty-transport-classes-epoll\4.1.127.Final\netty-transport-classes-epoll-4.1.127.Final.jar;C:\Users\mesta\.m2\repository\io\projectreactor\netty\reactor-netty-core\1.2.10\reactor-netty-core-1.2.10.jar;C:\Users\mesta\.m2\repository\io\netty\netty-handler-proxy\4.1.127.Final\netty-handler-proxy-4.1.127.Final.jar;C:\Users\mesta\.m2\repository\io\netty\netty-codec-socks\4.1.127.Final\netty-codec-socks-4.1.127.Final.jar;C:\Users\mesta\.m2\repository\org\springframework\spring-web\6.2.11\spring-web-6.2.11.jar;C:\Users\mesta\.m2\repository\org\springframework\spring-beans\6.2.11\spring-beans-6.2.11.jar;C:\Users\mesta\.m2\repository\io\micrometer\micrometer-observation\1.15.4\micrometer-observation-1.15.4.jar;C:\Users\mesta\.m2\repository\io\micrometer\micrometer-commons\1.15.4\micrometer-commons-1.15.4.jar;C:\Users\mesta\.m2\repository\org\springframework\spring-webflux\6.2.11\spring-webflux-6.2.11.jar;C:\Users\mesta\.m2\repository\org\springframework\boot\spring-boot-properties-migrator\3.5.6\spring-boot-properties-migrator-3.5.6.jar;C:\Users\mesta\.m2\repository\org\springframework\boot\spring-boot\3.5.6\spring-boot-3.5.6.jar;C:\Users\mesta\.m2\repository\org\springframework\spring-context\6.2.11\spring-context-6.2.11.jar;C:\Users\mesta\.m2\repository\org\springframework\spring-aop\6.2.11\spring-aop-6.2.11.jar;C:\Users\mesta\.m2\repository\org\springframework\spring-expression\6.2.11\spring-expression-6.2.11.jar;C:\Users\mesta\.m2\repository\org\springframework\boot\spring-boot-configuration-metadata\3.5.6\spring-boot-configuration-metadata-3.5.6.jar;C:\Users\mesta\.m2\repository\org\springframework\boot\spring-boot-starter\3.5.6\spring-boot-starter-3.5.6.jar;C:\Users\mesta\.m2\repository\org\springframework\boot\spring-boot-autoconfigure\3.5.6\spring-boot-autoconfigure-3.5.6.jar;C:\Users\mesta\.m2\repository\org\springframework\boot\spring-boot-starter-logging\3.5.6\spring-boot-starter-logging-3.5.6.jar;C:\Users\mesta\.m2\repository\ch\qos\logback\logback-classic\1.5.18\logback-classic-1.5.18.jar;C:\Users\mesta\.m2\repository\ch\qos\logback\logback-core\1.5.18\logback-core-1.5.18.jar;C:\Users\mesta\.m2\repository\org\apache\logging\log4j\log4j-to-slf4j\2.24.3\log4j-to-slf4j-2.24.3.jar;C:\Users\mesta\.m2\repository\org\apache\logging\log4j\log4j-api\2.24.3\log4j-api-2.24.3.jar;C:\Users\mesta\.m2\repository\org\slf4j\jul-to-slf4j\2.0.17\jul-to-slf4j-2.0.17.jar;C:\Users\mesta\.m2\repository\jakarta\annotation\jakarta.annotation-api\2.1.1\jakarta.annotation-api-2.1.1.jar;C:\Users\mesta\.m2\repository\org\yaml\snakeyaml\2.4\snakeyaml-2.4.jar;C:\Users\mesta\.m2\repository\org\slf4j\slf4j-api\2.0.17\slf4j-api-2.0.17.jar;C:\Users\mesta\.m2\repository\com\vaadin\external\google\android-json\0.0.20131108.vaadin1\android-json-0.0.20131108.vaadin1.jar;C:\Users\mesta\.m2\repository\org\springframework\spring-core\6.2.11\spring-core-6.2.11.jar;C:\Users\mesta\.m2\repository\org\springframework\spring-jcl\6.2.11\spring-jcl-6.2.11.jar
Launcher Type: SUN_STANDARD

[Global flags]
     intx CICompilerCount                          = 3                                         {product} {ergonomic}
     uint ConcGCThreads                            = 1                                         {product} {ergonomic}
     uint G1ConcRefinementThreads                  = 4                                         {product} {ergonomic}
   size_t G1HeapRegionSize                         = 2097152                                   {product} {ergonomic}
   size_t InitialHeapSize                          = 268435456                                 {product} {ergonomic}
     bool ManagementServer                         = true                                      {product} {command line}
   size_t MarkStackSize                            = 4194304                                   {product} {ergonomic}
   size_t MarkStackSizeMax                         = 536870912                                 {product} {ergonomic}
   size_t MaxHeapSize                              = 4276092928                                {product} {ergonomic}
   size_t MaxNewSize                               = 2564816896                                {product} {ergonomic}
   size_t MinHeapDeltaBytes                        = 2097152                                   {product} {ergonomic}
   size_t MinHeapSize                              = 8388608                                   {product} {ergonomic}
    uintx NonNMethodCodeHeapSize                   = 4096                                   {pd product} {ergonomic}
    uintx NonProfiledCodeHeapSize                  = 0                                      {pd product} {ergonomic}
     bool ProfileInterpreter                       = false                                  {pd product} {command line}
    uintx ProfiledCodeHeapSize                     = 0                                      {pd product} {ergonomic}
   size_t SoftMaxHeapSize                          = 4276092928                             {manageable} {ergonomic}
     intx TieredStopAtLevel                        = 1                                         {product} {command line}
     bool UseCompressedOops                        = true                           {product lp64_product} {ergonomic}
     bool UseG1GC                                  = true                                      {product} {ergonomic}
     bool UseLargePagesIndividualAllocation        = false                                  {pd product} {ergonomic}

Logging:
Log output configuration:
 #0: stdout all=warning uptime,level,tags foldmultilines=false
 #1: stderr all=off uptime,level,tags foldmultilines=false

Environment Variables:
JAVA_HOME=C:\Program Files\Java\jdk-23
PATH="C:\Users\mesta\AppData\Local\Programs\Opera";C:\Program Files\Common Files\Oracle\Java\javapath;C:\Program Files (x86)\Common Files\Oracle\Java\java8path;C:\Program Files (x86)\Common Files\Oracle\Java\javapath;C:\Program Files (x86)\VMware\VMware Workstation\bin\;C:\WimAVR-20100110\bin;C:\WimAVR-20100110\utils\bin;C:\bin;C:\utils\bin;C:\Program Files\Eclipse\bin;C:\Program Files\Eclipse\utils\bin;C:\Windows\system32;C:\Windows;C:\Windows\System32\Wbem;C:\Windows\System32\WindowsPowerShell\v1.0\;C:\Windows\System32\OpenSSH\;C:\Program Files\Microsoft SQL Server\150\Tools\Binn\;C:\Program Files\Microsoft SQL Server\Client SDK\ODBC\170\Tools\Binn\;C:\Program Files\dotnet\;C:\Program Files\Java\jdk-23\bin;C:\Program Files (x86)\STMicroelectronics\STM32 ST-LINK Utility\ST-LINK Utility;C:\Program Files\nodejs\;C:\Program Files\Polyspace\runtime\win64;C:\Program Files\Polyspace\R2020a\runtime\win64;C:\Program Files\Polyspace\R2020a\bin;C:\Program Files\Polyspace\R2020a\polyspace\bin;C:\Program Files\Polyspace\bin;C:\Program Files\Polyspace\polyspace\bin;C:\Program Files\MiKTeX\miktex\bin\x64\;C:\Android\platform-tools;C:\Android\cmdline-tools\latest\bin;C:\Android\emulator;C:\Program Files\Docker\Docker\resources\bin;C:\Maven\bin;C:\Users\mesta\AppData\Local\Programs\Eclipse Adoptium\jdk-21.0.6.7-hotspot\bin;C:\Users\mesta\AppData\Local\Programs\Python\Python313\Scripts\;C:\Users\mesta\AppData\Local\Programs\Python\Python313\;C:\Users\mesta\AppData\Local\Microsoft\WindowsApps;C:\Users\mesta\AppData\Local\GitHubDesktop\bin;C:\Users\mesta\AppData\Roaming\npm;C:\Users\mesta\AppData\Local\Programs\Git\cmd;C:\Users\mesta\AppData\Local\Programs\Microsoft VS Code\bin;C:\source\flutter\bin;
USERNAME=mesta
OS=Windows_NT
PROCESSOR_IDENTIFIER=Intel64 Family 6 Model 60 Stepping 3, GenuineIntel
TMP=C:\Users\mesta\AppData\Local\Temp
TEMP=C:\Users\mesta\AppData\Local\Temp




Periodic native trim disabled

---------------  S Y S T E M  ---------------

OS:
 Windows 10 , 64 bit Build 19041 (10.0.19041.5915)
OS uptime: 0 days 5:41 hours
Hyper-V role detected

CPU: total 4 (initial active 4) (4 cores per cpu, 1 threads per core) family 6 model 60 stepping 3 microcode 0x27, cx8, cmov, fxsr, mmx, sse, sse2, sse3, ssse3, sse4.1, sse4.2, popcnt, lzcnt, tsc, tscinvbit, avx, avx2, aes, erms, clmul, bmi1, bmi2, fma, vzeroupper, clflush, hv, rdtscp, f16c
Processor Information for the first 4 processors :
  Max Mhz: 3001, Current Mhz: 3001, Mhz Limit: 3001

Memory: 4k page, system-wide physical 16308M (2732M free)
TotalPageFile size 18356M (AvailPageFile size 91M)
current process WorkingSet (physical memory assigned to process): 154M, peak: 154M
current process commit charge ("private bytes"): 378M, peak: 378M

vm_info: OpenJDK 64-Bit Server VM (24.0.1+9-30) for windows-amd64 JRE (24.0.1+9-30), built on 2025-03-05T07:23:45Z with MS VC++ 17.6 (VS2022)

END.
